==22686== Memcheck, a memory error detector
==22686== Copyright (C) 2002-2012, and GNU GPL'd, by Julian Seward et al.
==22686== Using Valgrind-3.8.1 and LibVEX; rerun with -h for copyright info
==22686== Command: a.out 02-unnormalized-cat-chess.ee264 1.txt
==22686== Parent PID: 12601
==22686== 
--22686-- 
--22686-- Valgrind options:
--22686--    --tool=memcheck
--22686--    --leak-check=full
--22686--    --verbose
--22686--    --log-file=memcheck.log
--22686-- Contents of /proc/version:
--22686--   Linux version 2.6.32-431.29.2.el6.x86_64 (mockbuild@x86-026.build.eng.bos.redhat.com) (gcc version 4.4.7 20120313 (Red Hat 4.4.7-4) (GCC) ) #1 SMP Sun Jul 27 15:55:46 EDT 2014
--22686-- Arch and hwcaps: AMD64, amd64-sse3-cx16
--22686-- Page sizes: currently 4096, max supported 4096
--22686-- Valgrind library directory: /usr/lib64/valgrind
--22686-- Reading syms from /home/shay/a/zhan1442/ece264/solution/ECE264F2014/PA07/images/a.out
--22686-- Reading syms from /usr/lib64/valgrind/memcheck-amd64-linux
--22686--    object doesn't have a dynamic symbol table
--22686-- Reading syms from /lib64/ld-2.12.so
--22686--   Considering /usr/lib/debug/.build-id/3b/fa45bce0e82e1d90d37a0cc8630f97f2003bf5.debug ..
--22686--   .. build-id is valid
--22686-- Scheduler: using generic scheduler lock implementation.
--22686-- Reading suppressions file: /usr/lib64/valgrind/default.supp
==22686== embedded gdbserver: reading from /tmp/vgdb-pipe-from-vgdb-to-22686-by-zhan1442-on-ecegrid-thin1.ecn.purdue.edu
==22686== embedded gdbserver: writing to   /tmp/vgdb-pipe-to-vgdb-from-22686-by-zhan1442-on-ecegrid-thin1.ecn.purdue.edu
==22686== embedded gdbserver: shared mem   /tmp/vgdb-pipe-shared-mem-vgdb-22686-by-zhan1442-on-ecegrid-thin1.ecn.purdue.edu
==22686== 
==22686== TO CONTROL THIS PROCESS USING vgdb (which you probably
==22686== don't want to do, unless you know exactly what you're doing,
==22686== or are doing some strange experiment):
==22686==   /usr/lib64/valgrind/../../bin/vgdb --pid=22686 ...command...
==22686== 
==22686== TO DEBUG THIS PROCESS USING GDB: start GDB like this
==22686==   /path/to/gdb a.out
==22686== and then give GDB the following command
==22686==   target remote | /usr/lib64/valgrind/../../bin/vgdb --pid=22686
==22686== --pid is optional if only one valgrind process is running
==22686== 
--22686-- REDIR: 0x35ff417610 (strlen) redirected to 0x38049551 (vgPlain_amd64_linux_REDIR_FOR_strlen)
--22686-- Reading syms from /usr/lib64/valgrind/vgpreload_core-amd64-linux.so
--22686-- Reading syms from /usr/lib64/valgrind/vgpreload_memcheck-amd64-linux.so
--22686-- REDIR: 0x35ff417480 (index) redirected to 0x4a07c30 (index)
--22686-- REDIR: 0x35ff417500 (strcmp) redirected to 0x4a08570 (strcmp)
--22686-- Reading syms from /lib64/libc-2.12.so
--22686--   Considering /usr/lib/debug/.build-id/73/3ad3a438b5a695f7a63a77413f9b2c8c94e8e6.debug ..
--22686--   .. build-id is valid
--22686-- REDIR: 0x35ff884cd0 (strcasecmp) redirected to 0x480155c (_vgnU_ifunc_wrapper)
--22686-- REDIR: 0x35ff886f90 (strncasecmp) redirected to 0x480155c (_vgnU_ifunc_wrapper)
--22686-- REDIR: 0x35ff882c40 (__GI_strrchr) redirected to 0x4a07ab0 (__GI_strrchr)
--22686-- REDIR: 0x35ff87a640 (malloc) redirected to 0x4a069ac (malloc)
--22686-- REDIR: 0x35ff889670 (memcpy) redirected to 0x4a08b60 (memcpy)
--22686-- REDIR: 0x35ff881160 (__GI_strlen) redirected to 0x4a07fb0 (__GI_strlen)
--22686-- REDIR: 0x35ff88aaf0 (strchrnul) redirected to 0x4a09fb0 (strchrnul)
--22686-- REDIR: 0x35ff884500 (mempcpy) redirected to 0x4a0a020 (mempcpy)
--22686-- REDIR: 0x35ff87b520 (free) redirected to 0x4a063a9 (free)
--22686-- REDIR: 0x35ff881120 (strlen) redirected to 0x480155c (_vgnU_ifunc_wrapper)
--22686-- REDIR: 0x35ff9336f0 (__strlen_sse42) redirected to 0x4a07f90 (strlen)
==22686== 
==22686== HEAP SUMMARY:
==22686==     in use at exit: 0 bytes in 0 blocks
==22686==   total heap usage: 5 allocs, 5 frees, 68,709 bytes allocated
==22686== 
==22686== All heap blocks were freed -- no leaks are possible
==22686== 
==22686== ERROR SUMMARY: 0 errors from 0 contexts (suppressed: 6 from 6)
--22686-- 
--22686-- used_suppression:      4 U1004-ARM-_dl_relocate_object
--22686-- used_suppression:      2 glibc-2.5.x-on-SUSE-10.2-(PPC)-2a
==22686== 
==22686== ERROR SUMMARY: 0 errors from 0 contexts (suppressed: 6 from 6)
