==17032== Memcheck, a memory error detector
==17032== Copyright (C) 2002-2012, and GNU GPL'd, by Julian Seward et al.
==17032== Using Valgrind-3.8.1 and LibVEX; rerun with -h for copyright info
==17032== Command: answer
==17032== Parent PID: 31911
==17032== 
--17032-- 
--17032-- Valgrind options:
--17032--    --tool=memcheck
--17032--    --leak-check=full
--17032--    --verbose
--17032--    --log-file=memcheck.log
--17032-- Contents of /proc/version:
--17032--   Linux version 2.6.32-431.23.3.el6.x86_64 (mockbuild@x86-027.build.eng.bos.redhat.com) (gcc version 4.4.7 20120313 (Red Hat 4.4.7-4) (GCC) ) #1 SMP Wed Jul 16 06:12:23 EDT 2014
--17032-- Arch and hwcaps: AMD64, amd64-sse3-cx16
--17032-- Page sizes: currently 4096, max supported 4096
--17032-- Valgrind library directory: /usr/lib64/valgrind
--17032-- Reading syms from /home/shay/a/zhan1442/ece264/solution/ECE264F2014/PA01/answer
--17032-- Reading syms from /usr/lib64/valgrind/memcheck-amd64-linux
--17032--    object doesn't have a dynamic symbol table
--17032-- Reading syms from /lib64/ld-2.12.so
--17032-- Scheduler: using generic scheduler lock implementation.
--17032-- Reading suppressions file: /usr/lib64/valgrind/default.supp
==17032== embedded gdbserver: reading from /tmp/vgdb-pipe-from-vgdb-to-17032-by-zhan1442-on-ecegrid-thin1.ecn.purdue.edu
==17032== embedded gdbserver: writing to   /tmp/vgdb-pipe-to-vgdb-from-17032-by-zhan1442-on-ecegrid-thin1.ecn.purdue.edu
==17032== embedded gdbserver: shared mem   /tmp/vgdb-pipe-shared-mem-vgdb-17032-by-zhan1442-on-ecegrid-thin1.ecn.purdue.edu
==17032== 
==17032== TO CONTROL THIS PROCESS USING vgdb (which you probably
==17032== don't want to do, unless you know exactly what you're doing,
==17032== or are doing some strange experiment):
==17032==   /usr/lib64/valgrind/../../bin/vgdb --pid=17032 ...command...
==17032== 
==17032== TO DEBUG THIS PROCESS USING GDB: start GDB like this
==17032==   /path/to/gdb answer
==17032== and then give GDB the following command
==17032==   target remote | /usr/lib64/valgrind/../../bin/vgdb --pid=17032
==17032== --pid is optional if only one valgrind process is running
==17032== 
--17032-- REDIR: 0x310ee17530 (strlen) redirected to 0x38049551 (vgPlain_amd64_linux_REDIR_FOR_strlen)
--17032-- Reading syms from /usr/lib64/valgrind/vgpreload_core-amd64-linux.so
--17032-- Reading syms from /usr/lib64/valgrind/vgpreload_memcheck-amd64-linux.so
--17032-- REDIR: 0x310ee173a0 (index) redirected to 0x4a07bf0 (index)
--17032-- REDIR: 0x310ee17420 (strcmp) redirected to 0x4a08530 (strcmp)
--17032-- Reading syms from /lib64/libc-2.12.so
--17032-- REDIR: 0x310f284fc0 (strcasecmp) redirected to 0x480155c (_vgnU_ifunc_wrapper)
--17032-- REDIR: 0x310f287280 (strncasecmp) redirected to 0x480155c (_vgnU_ifunc_wrapper)
--17032-- REDIR: 0x310f282f30 (__GI_strrchr) redirected to 0x4a07a70 (__GI_strrchr)
--17032-- REDIR: 0x310f281450 (__GI_strlen) redirected to 0x4a07f70 (__GI_strlen)
--17032-- REDIR: 0x310f2847f0 (mempcpy) redirected to 0x4a09f80 (mempcpy)
--17032-- REDIR: 0x310f28ade0 (strchrnul) redirected to 0x4a09f10 (strchrnul)
--17032-- REDIR: 0x310f27b810 (free) redirected to 0x4a06369 (free)
==17032== 
==17032== HEAP SUMMARY:
==17032==     in use at exit: 0 bytes in 0 blocks
==17032==   total heap usage: 0 allocs, 0 frees, 0 bytes allocated
==17032== 
==17032== All heap blocks were freed -- no leaks are possible
==17032== 
==17032== ERROR SUMMARY: 0 errors from 0 contexts (suppressed: 6 from 6)
--17032-- 
--17032-- used_suppression:      4 U1004-ARM-_dl_relocate_object
--17032-- used_suppression:      2 glibc-2.5.x-on-SUSE-10.2-(PPC)-2a
==17032== 
==17032== ERROR SUMMARY: 0 errors from 0 contexts (suppressed: 6 from 6)
