==14810== Memcheck, a memory error detector
==14810== Copyright (C) 2002-2012, and GNU GPL'd, by Julian Seward et al.
==14810== Using Valgrind-3.8.1 and LibVEX; rerun with -h for copyright info
==14810== Command: a.out 340282366920938463463374607431768211455th
==14810== Parent PID: 5196
==14810== 
--14810-- 
--14810-- Valgrind options:
--14810--    --tool=memcheck
--14810--    --leak-check=full
--14810--    --verbose
--14810--    --log-file=memcheck.log
--14810-- Contents of /proc/version:
--14810--   Linux version 2.6.32-504.1.3.el6.x86_64 (mockbuild@x86-022.build.eng.bos.redhat.com) (gcc version 4.4.7 20120313 (Red Hat 4.4.7-9) (GCC) ) #1 SMP Fri Oct 31 11:37:10 EDT 2014
--14810-- Arch and hwcaps: AMD64, amd64-sse3-cx16
--14810-- Page sizes: currently 4096, max supported 4096
--14810-- Valgrind library directory: /usr/lib64/valgrind
--14810-- Reading syms from /home/shay/a/zhan1442/ece264/solution/ECE264F2014/PA12/a.out
--14810-- Reading syms from /usr/lib64/valgrind/memcheck-amd64-linux
--14810--    object doesn't have a dynamic symbol table
--14810-- Reading syms from /lib64/ld-2.12.so
--14810--   Considering /usr/lib/debug/.build-id/3b/fa45bce0e82e1d90d37a0cc8630f97f2003bf5.debug ..
--14810--   .. build-id is valid
--14810-- Scheduler: using generic scheduler lock implementation.
--14810-- Reading suppressions file: /usr/lib64/valgrind/default.supp
==14810== embedded gdbserver: reading from /tmp/vgdb-pipe-from-vgdb-to-14810-by-zhan1442-on-ecegrid-thin1.ecn.purdue.edu
==14810== embedded gdbserver: writing to   /tmp/vgdb-pipe-to-vgdb-from-14810-by-zhan1442-on-ecegrid-thin1.ecn.purdue.edu
==14810== embedded gdbserver: shared mem   /tmp/vgdb-pipe-shared-mem-vgdb-14810-by-zhan1442-on-ecegrid-thin1.ecn.purdue.edu
==14810== 
==14810== TO CONTROL THIS PROCESS USING vgdb (which you probably
==14810== don't want to do, unless you know exactly what you're doing,
==14810== or are doing some strange experiment):
==14810==   /usr/lib64/valgrind/../../bin/vgdb --pid=14810 ...command...
==14810== 
==14810== TO DEBUG THIS PROCESS USING GDB: start GDB like this
==14810==   /path/to/gdb a.out
==14810== and then give GDB the following command
==14810==   target remote | /usr/lib64/valgrind/../../bin/vgdb --pid=14810
==14810== --pid is optional if only one valgrind process is running
==14810== 
--14810-- REDIR: 0x35ff417610 (strlen) redirected to 0x38049551 (vgPlain_amd64_linux_REDIR_FOR_strlen)
--14810-- Reading syms from /usr/lib64/valgrind/vgpreload_core-amd64-linux.so
--14810-- Reading syms from /usr/lib64/valgrind/vgpreload_memcheck-amd64-linux.so
--14810-- REDIR: 0x35ff417480 (index) redirected to 0x4a07c30 (index)
--14810-- REDIR: 0x35ff417500 (strcmp) redirected to 0x4a08570 (strcmp)
--14810-- Reading syms from /lib64/libc-2.12.so
--14810--   Considering /usr/lib/debug/.build-id/73/3ad3a438b5a695f7a63a77413f9b2c8c94e8e6.debug ..
--14810--   .. build-id is valid
--14810-- REDIR: 0x35ff884cd0 (strcasecmp) redirected to 0x480155c (_vgnU_ifunc_wrapper)
--14810-- REDIR: 0x35ff886f90 (strncasecmp) redirected to 0x480155c (_vgnU_ifunc_wrapper)
--14810-- REDIR: 0x35ff882c40 (__GI_strrchr) redirected to 0x4a07ab0 (__GI_strrchr)
--14810-- REDIR: 0x35ff881120 (strlen) redirected to 0x480155c (_vgnU_ifunc_wrapper)
--14810-- REDIR: 0x35ff9336f0 (__strlen_sse42) redirected to 0x4a07f90 (strlen)
--14810-- REDIR: 0x35ff87a640 (malloc) redirected to 0x4a069ac (malloc)
--14810-- REDIR: 0x35ff881160 (__GI_strlen) redirected to 0x4a07fb0 (__GI_strlen)
--14810-- REDIR: 0x35ff87b520 (free) redirected to 0x4a063a9 (free)
==14810== 
==14810== HEAP SUMMARY:
==14810==     in use at exit: 0 bytes in 0 blocks
==14810==   total heap usage: 1 allocs, 1 frees, 40 bytes allocated
==14810== 
==14810== All heap blocks were freed -- no leaks are possible
==14810== 
==14810== ERROR SUMMARY: 0 errors from 0 contexts (suppressed: 6 from 6)
--14810-- 
--14810-- used_suppression:      4 U1004-ARM-_dl_relocate_object
--14810-- used_suppression:      2 glibc-2.5.x-on-SUSE-10.2-(PPC)-2a
==14810== 
==14810== ERROR SUMMARY: 0 errors from 0 contexts (suppressed: 6 from 6)
