==9572== Memcheck, a memory error detector
==9572== Copyright (C) 2002-2012, and GNU GPL'd, by Julian Seward et al.
==9572== Using Valgrind-3.8.1 and LibVEX; rerun with -h for copyright info
==9572== Command: a.out
==9572== Parent PID: 24013
==9572== 
--9572-- 
--9572-- Valgrind options:
--9572--    --tool=memcheck
--9572--    --leak-check=full
--9572--    --verbose
--9572--    --log-file=memcheck.log
--9572-- Contents of /proc/version:
--9572--   Linux version 2.6.32-431.29.2.el6.x86_64 (mockbuild@x86-026.build.eng.bos.redhat.com) (gcc version 4.4.7 20120313 (Red Hat 4.4.7-4) (GCC) ) #1 SMP Sun Jul 27 15:55:46 EDT 2014
--9572-- Arch and hwcaps: AMD64, amd64-sse3-cx16
--9572-- Page sizes: currently 4096, max supported 4096
--9572-- Valgrind library directory: /usr/lib64/valgrind
--9572-- Reading syms from /home/shay/a/zhan1442/ece264/solution/ECE264F2014/PA09/a.out
--9572-- Reading syms from /usr/lib64/valgrind/memcheck-amd64-linux
--9572--    object doesn't have a dynamic symbol table
--9572-- Reading syms from /lib64/ld-2.12.so
--9572--   Considering /usr/lib/debug/.build-id/3b/fa45bce0e82e1d90d37a0cc8630f97f2003bf5.debug ..
--9572--   .. build-id is valid
--9572-- Scheduler: using generic scheduler lock implementation.
--9572-- Reading suppressions file: /usr/lib64/valgrind/default.supp
==9572== embedded gdbserver: reading from /tmp/vgdb-pipe-from-vgdb-to-9572-by-zhan1442-on-ecegrid-thin1.ecn.purdue.edu
==9572== embedded gdbserver: writing to   /tmp/vgdb-pipe-to-vgdb-from-9572-by-zhan1442-on-ecegrid-thin1.ecn.purdue.edu
==9572== embedded gdbserver: shared mem   /tmp/vgdb-pipe-shared-mem-vgdb-9572-by-zhan1442-on-ecegrid-thin1.ecn.purdue.edu
==9572== 
==9572== TO CONTROL THIS PROCESS USING vgdb (which you probably
==9572== don't want to do, unless you know exactly what you're doing,
==9572== or are doing some strange experiment):
==9572==   /usr/lib64/valgrind/../../bin/vgdb --pid=9572 ...command...
==9572== 
==9572== TO DEBUG THIS PROCESS USING GDB: start GDB like this
==9572==   /path/to/gdb a.out
==9572== and then give GDB the following command
==9572==   target remote | /usr/lib64/valgrind/../../bin/vgdb --pid=9572
==9572== --pid is optional if only one valgrind process is running
==9572== 
--9572-- REDIR: 0x35ff417610 (strlen) redirected to 0x38049551 (vgPlain_amd64_linux_REDIR_FOR_strlen)
--9572-- Reading syms from /usr/lib64/valgrind/vgpreload_core-amd64-linux.so
--9572-- Reading syms from /usr/lib64/valgrind/vgpreload_memcheck-amd64-linux.so
--9572-- REDIR: 0x35ff417480 (index) redirected to 0x4a07c30 (index)
--9572-- REDIR: 0x35ff417500 (strcmp) redirected to 0x4a08570 (strcmp)
--9572-- Reading syms from /lib64/libc-2.12.so
--9572--   Considering /usr/lib/debug/.build-id/73/3ad3a438b5a695f7a63a77413f9b2c8c94e8e6.debug ..
--9572--   .. build-id is valid
--9572-- REDIR: 0x35ff884cd0 (strcasecmp) redirected to 0x480155c (_vgnU_ifunc_wrapper)
--9572-- REDIR: 0x35ff886f90 (strncasecmp) redirected to 0x480155c (_vgnU_ifunc_wrapper)
--9572-- REDIR: 0x35ff882c40 (__GI_strrchr) redirected to 0x4a07ab0 (__GI_strrchr)
--9572-- REDIR: 0x35ff87a640 (malloc) redirected to 0x4a069ac (malloc)
--9572-- REDIR: 0x35ff883350 (memchr) redirected to 0x4a08610 (memchr)
--9572-- REDIR: 0x35ff889670 (memcpy) redirected to 0x4a08b60 (memcpy)
--9572-- REDIR: 0x35ff881120 (strlen) redirected to 0x480155c (_vgnU_ifunc_wrapper)
--9572-- REDIR: 0x35ff9336f0 (__strlen_sse42) redirected to 0x4a07f90 (strlen)
--9572-- REDIR: 0x35ff87f630 (index) redirected to 0x480155c (_vgnU_ifunc_wrapper)
--9572-- REDIR: 0x35ff928370 (__strchr_sse42) redirected to 0x4a07b40 (index)
--9572-- REDIR: 0x35ff87b520 (free) redirected to 0x4a063a9 (free)
--9572-- REDIR: 0x35ff87f6e0 (strcmp) redirected to 0x480155c (_vgnU_ifunc_wrapper)
--9572-- REDIR: 0x35ff928420 (__strcmp_sse42) redirected to 0x4a084d0 (strcmp)
--9572-- REDIR: 0x35ff88aaf0 (strchrnul) redirected to 0x4a09fb0 (strchrnul)
--9572-- REDIR: 0x35ff884500 (mempcpy) redirected to 0x4a0a020 (mempcpy)
==9572== 
==9572== HEAP SUMMARY:
==9572==     in use at exit: 0 bytes in 0 blocks
==9572==   total heap usage: 27 allocs, 27 frees, 3,217 bytes allocated
==9572== 
==9572== All heap blocks were freed -- no leaks are possible
==9572== 
==9572== ERROR SUMMARY: 0 errors from 0 contexts (suppressed: 6 from 6)
--9572-- 
--9572-- used_suppression:      4 U1004-ARM-_dl_relocate_object
--9572-- used_suppression:      2 glibc-2.5.x-on-SUSE-10.2-(PPC)-2a
==9572== 
==9572== ERROR SUMMARY: 0 errors from 0 contexts (suppressed: 6 from 6)
