==30734== Memcheck, a memory error detector
==30734== Copyright (C) 2002-2012, and GNU GPL'd, by Julian Seward et al.
==30734== Using Valgrind-3.8.1 and LibVEX; rerun with -h for copyright info
==30734== Command: pa02
==30734== Parent PID: 26733
==30734== 
--30734-- 
--30734-- Valgrind options:
--30734--    --tool=memcheck
--30734--    --leak-check=full
--30734--    --verbose
--30734--    --log-file=memcheck.log
--30734-- Contents of /proc/version:
--30734--   Linux version 2.6.32-431.23.3.el6.x86_64 (mockbuild@x86-027.build.eng.bos.redhat.com) (gcc version 4.4.7 20120313 (Red Hat 4.4.7-4) (GCC) ) #1 SMP Wed Jul 16 06:12:23 EDT 2014
--30734-- Arch and hwcaps: AMD64, amd64-sse3-cx16
--30734-- Page sizes: currently 4096, max supported 4096
--30734-- Valgrind library directory: /usr/lib64/valgrind
--30734-- Reading syms from /home/shay/a/zhan1442/ece264/solution/ECE264F2014/PA02/pa02
--30734-- Reading syms from /usr/lib64/valgrind/memcheck-amd64-linux
--30734--    object doesn't have a dynamic symbol table
--30734-- Reading syms from /lib64/ld-2.12.so
--30734--   Considering /usr/lib/debug/.build-id/57/bf668f99b7f5917b8d55fbb645173c9a644575.debug ..
--30734--   .. build-id is valid
--30734-- Scheduler: using generic scheduler lock implementation.
--30734-- Reading suppressions file: /usr/lib64/valgrind/default.supp
==30734== embedded gdbserver: reading from /tmp/vgdb-pipe-from-vgdb-to-30734-by-zhan1442-on-ecegrid-thin1.ecn.purdue.edu
==30734== embedded gdbserver: writing to   /tmp/vgdb-pipe-to-vgdb-from-30734-by-zhan1442-on-ecegrid-thin1.ecn.purdue.edu
==30734== embedded gdbserver: shared mem   /tmp/vgdb-pipe-shared-mem-vgdb-30734-by-zhan1442-on-ecegrid-thin1.ecn.purdue.edu
==30734== 
==30734== TO CONTROL THIS PROCESS USING vgdb (which you probably
==30734== don't want to do, unless you know exactly what you're doing,
==30734== or are doing some strange experiment):
==30734==   /usr/lib64/valgrind/../../bin/vgdb --pid=30734 ...command...
==30734== 
==30734== TO DEBUG THIS PROCESS USING GDB: start GDB like this
==30734==   /path/to/gdb pa02
==30734== and then give GDB the following command
==30734==   target remote | /usr/lib64/valgrind/../../bin/vgdb --pid=30734
==30734== --pid is optional if only one valgrind process is running
==30734== 
--30734-- REDIR: 0x3f79a17530 (strlen) redirected to 0x38049551 (vgPlain_amd64_linux_REDIR_FOR_strlen)
--30734-- Reading syms from /usr/lib64/valgrind/vgpreload_core-amd64-linux.so
--30734-- Reading syms from /usr/lib64/valgrind/vgpreload_memcheck-amd64-linux.so
--30734-- REDIR: 0x3f79a173a0 (index) redirected to 0x4a07bf0 (index)
--30734-- REDIR: 0x3f79a17420 (strcmp) redirected to 0x4a08530 (strcmp)
--30734-- Reading syms from /lib64/libc-2.12.so
--30734--   Considering /usr/lib/debug/.build-id/07/b5ce35eba864a01b697f5ca117e94b9248064f.debug ..
--30734--   .. build-id is valid
--30734-- REDIR: 0x3f79e84cd0 (strcasecmp) redirected to 0x480155c (_vgnU_ifunc_wrapper)
--30734-- REDIR: 0x3f79e86f90 (strncasecmp) redirected to 0x480155c (_vgnU_ifunc_wrapper)
--30734-- REDIR: 0x3f79e82c40 (__GI_strrchr) redirected to 0x4a07a70 (__GI_strrchr)
--30734-- REDIR: 0x3f79e81160 (__GI_strlen) redirected to 0x4a07f70 (__GI_strlen)
--30734-- REDIR: 0x3f79e8aaf0 (strchrnul) redirected to 0x4a09f10 (strchrnul)
--30734-- REDIR: 0x3f79e7b520 (free) redirected to 0x4a06369 (free)
--30734-- REDIR: 0x3f79e84500 (mempcpy) redirected to 0x4a09f80 (mempcpy)
==30734== 
==30734== HEAP SUMMARY:
==30734==     in use at exit: 0 bytes in 0 blocks
==30734==   total heap usage: 0 allocs, 0 frees, 0 bytes allocated
==30734== 
==30734== All heap blocks were freed -- no leaks are possible
==30734== 
==30734== ERROR SUMMARY: 0 errors from 0 contexts (suppressed: 6 from 6)
--30734-- 
--30734-- used_suppression:      4 U1004-ARM-_dl_relocate_object
--30734-- used_suppression:      2 glibc-2.5.x-on-SUSE-10.2-(PPC)-2a
==30734== 
==30734== ERROR SUMMARY: 0 errors from 0 contexts (suppressed: 6 from 6)
