==18872== Memcheck, a memory error detector
==18872== Copyright (C) 2002-2012, and GNU GPL'd, by Julian Seward et al.
==18872== Using Valgrind-3.8.1 and LibVEX; rerun with -h for copyright info
==18872== Command: pa03
==18872== Parent PID: 18937
==18872== 
--18872-- 
--18872-- Valgrind options:
--18872--    --tool=memcheck
--18872--    --leak-check=full
--18872--    --verbose
--18872--    --log-file=memcheck.log
--18872-- Contents of /proc/version:
--18872--   Linux version 2.6.32-431.29.2.el6.x86_64 (mockbuild@x86-026.build.eng.bos.redhat.com) (gcc version 4.4.7 20120313 (Red Hat 4.4.7-4) (GCC) ) #1 SMP Sun Jul 27 15:55:46 EDT 2014
--18872-- Arch and hwcaps: AMD64, amd64-sse3-cx16
--18872-- Page sizes: currently 4096, max supported 4096
--18872-- Valgrind library directory: /usr/lib64/valgrind
--18872-- Reading syms from /home/shay/a/zhan1442/ece264/solution/ECE264F2014/PA03/pa03
--18872-- Reading syms from /usr/lib64/valgrind/memcheck-amd64-linux
--18872--    object doesn't have a dynamic symbol table
--18872-- Reading syms from /lib64/ld-2.12.so
--18872--   Considering /usr/lib/debug/.build-id/57/bf668f99b7f5917b8d55fbb645173c9a644575.debug ..
--18872--   .. build-id is valid
--18872-- Scheduler: using generic scheduler lock implementation.
--18872-- Reading suppressions file: /usr/lib64/valgrind/default.supp
==18872== embedded gdbserver: reading from /tmp/vgdb-pipe-from-vgdb-to-18872-by-zhan1442-on-ecegrid-thin1.ecn.purdue.edu
==18872== embedded gdbserver: writing to   /tmp/vgdb-pipe-to-vgdb-from-18872-by-zhan1442-on-ecegrid-thin1.ecn.purdue.edu
==18872== embedded gdbserver: shared mem   /tmp/vgdb-pipe-shared-mem-vgdb-18872-by-zhan1442-on-ecegrid-thin1.ecn.purdue.edu
==18872== 
==18872== TO CONTROL THIS PROCESS USING vgdb (which you probably
==18872== don't want to do, unless you know exactly what you're doing,
==18872== or are doing some strange experiment):
==18872==   /usr/lib64/valgrind/../../bin/vgdb --pid=18872 ...command...
==18872== 
==18872== TO DEBUG THIS PROCESS USING GDB: start GDB like this
==18872==   /path/to/gdb pa03
==18872== and then give GDB the following command
==18872==   target remote | /usr/lib64/valgrind/../../bin/vgdb --pid=18872
==18872== --pid is optional if only one valgrind process is running
==18872== 
--18872-- REDIR: 0x3f79a17530 (strlen) redirected to 0x38049551 (vgPlain_amd64_linux_REDIR_FOR_strlen)
--18872-- Reading syms from /usr/lib64/valgrind/vgpreload_core-amd64-linux.so
--18872-- Reading syms from /usr/lib64/valgrind/vgpreload_memcheck-amd64-linux.so
--18872-- REDIR: 0x3f79a173a0 (index) redirected to 0x4a07bf0 (index)
--18872-- REDIR: 0x3f79a17420 (strcmp) redirected to 0x4a08530 (strcmp)
--18872-- Reading syms from /lib64/libc-2.12.so
--18872--   Considering /usr/lib/debug/.build-id/07/b5ce35eba864a01b697f5ca117e94b9248064f.debug ..
--18872--   .. build-id is valid
--18872-- REDIR: 0x3f79e84cd0 (strcasecmp) redirected to 0x480155c (_vgnU_ifunc_wrapper)
--18872-- REDIR: 0x3f79e86f90 (strncasecmp) redirected to 0x480155c (_vgnU_ifunc_wrapper)
--18872-- REDIR: 0x3f79e82c40 (__GI_strrchr) redirected to 0x4a07a70 (__GI_strrchr)
--18872-- REDIR: 0x3f79e7a640 (malloc) redirected to 0x4a0696c (malloc)
--18872-- REDIR: 0x3f79e89670 (memcpy) redirected to 0x4a08b20 (memcpy)
--18872-- REDIR: 0x3f79e81120 (strlen) redirected to 0x480155c (_vgnU_ifunc_wrapper)
--18872-- REDIR: 0x3f79f33560 (__strlen_sse42) redirected to 0x4a07f50 (strlen)
--18872-- REDIR: 0x3f79e80b70 (strcpy) redirected to 0x480155c (_vgnU_ifunc_wrapper)
--18872-- REDIR: 0x3f79f34000 (???) redirected to 0x4a07f90 (strcpy)
--18872-- REDIR: 0x3f79e7b520 (free) redirected to 0x4a06369 (free)
--18872-- REDIR: 0x3f79e7f470 (strcat) redirected to 0x4a07c20 (strcat)
--18872-- REDIR: 0x3f79e81160 (__GI_strlen) redirected to 0x4a07f70 (__GI_strlen)
--18872-- REDIR: 0x3f79e84500 (mempcpy) redirected to 0x4a09f80 (mempcpy)
--18872-- REDIR: 0x3f79e7f630 (index) redirected to 0x480155c (_vgnU_ifunc_wrapper)
--18872-- REDIR: 0x3f79f281e0 (__strchr_sse42) redirected to 0x4a07b00 (index)
--18872-- REDIR: 0x3f79e8aaf0 (strchrnul) redirected to 0x4a09f10 (strchrnul)
==18872== Conditional jump or move depends on uninitialised value(s)
==18872==    at 0x3F79E47E3C: vfprintf (vfprintf.c:1641)
==18872==    by 0x3F79E4F199: printf (printf.c:35)
==18872==    by 0x400EFC: main (pa03.c:40)
==18872== 
--18872-- REDIR: 0x3f79e7f6e0 (strcmp) redirected to 0x480155c (_vgnU_ifunc_wrapper)
--18872-- REDIR: 0x3f79f28290 (__strcmp_sse42) redirected to 0x4a08490 (strcmp)
==18872== Conditional jump or move depends on uninitialised value(s)
==18872==    at 0x4A07F68: strlen (mc_replace_strmem.c:403)
==18872==    by 0x4007B4: strcat_ex (answer03.c:8)
==18872==    by 0x400B27: implode (answer03.c:68)
==18872==    by 0x400F36: main (pa03.c:45)
==18872== 
==18872== Conditional jump or move depends on uninitialised value(s)
==18872==    at 0x4A07F59: strlen (mc_replace_strmem.c:403)
==18872==    by 0x4007D8: strcat_ex (answer03.c:9)
==18872==    by 0x400B27: implode (answer03.c:68)
==18872==    by 0x400F36: main (pa03.c:45)
==18872== 
==18872== Conditional jump or move depends on uninitialised value(s)
==18872==    at 0x4A07F59: strlen (mc_replace_strmem.c:403)
==18872==    by 0x400846: strcat_ex (answer03.c:16)
==18872==    by 0x400B27: implode (answer03.c:68)
==18872==    by 0x400F36: main (pa03.c:45)
==18872== 
==18872== Conditional jump or move depends on uninitialised value(s)
==18872==    at 0x4A07F68: strlen (mc_replace_strmem.c:403)
==18872==    by 0x400855: strcat_ex (answer03.c:16)
==18872==    by 0x400B27: implode (answer03.c:68)
==18872==    by 0x400F36: main (pa03.c:45)
==18872== 
==18872== Conditional jump or move depends on uninitialised value(s)
==18872==    at 0x4A07F59: strlen (mc_replace_strmem.c:403)
==18872==    by 0x40087B: strcat_ex (answer03.c:17)
==18872==    by 0x400B27: implode (answer03.c:68)
==18872==    by 0x400F36: main (pa03.c:45)
==18872== 
==18872== Conditional jump or move depends on uninitialised value(s)
==18872==    at 0x4A07F68: strlen (mc_replace_strmem.c:403)
==18872==    by 0x40088A: strcat_ex (answer03.c:17)
==18872==    by 0x400B27: implode (answer03.c:68)
==18872==    by 0x400F36: main (pa03.c:45)
==18872== 
==18872== Conditional jump or move depends on uninitialised value(s)
==18872==    at 0x4A07F9F: strcpy (mc_replace_strmem.c:442)
==18872==    by 0x4008B4: strcat_ex (answer03.c:18)
==18872==    by 0x400B27: implode (answer03.c:68)
==18872==    by 0x400F36: main (pa03.c:45)
==18872== 
==18872== Conditional jump or move depends on uninitialised value(s)
==18872==    at 0x4A07C57: strcat (mc_replace_strmem.c:267)
==18872==    by 0x4008E4: strcat_ex (answer03.c:22)
==18872==    by 0x400B27: implode (answer03.c:68)
==18872==    by 0x400F36: main (pa03.c:45)
==18872== 
==18872== Conditional jump or move depends on uninitialised value(s)
==18872==    at 0x4A07C57: strcat (mc_replace_strmem.c:267)
==18872==    by 0x400903: strcat_ex (answer03.c:26)
==18872==    by 0x400B27: implode (answer03.c:68)
==18872==    by 0x400F36: main (pa03.c:45)
==18872== 
==18872== 
==18872== HEAP SUMMARY:
==18872==     in use at exit: 0 bytes in 0 blocks
==18872==   total heap usage: 20 allocs, 20 frees, 449 bytes allocated
==18872== 
==18872== All heap blocks were freed -- no leaks are possible
==18872== 
==18872== Use --track-origins=yes to see where uninitialised values come from
==18872== ERROR SUMMARY: 33 errors from 10 contexts (suppressed: 6 from 6)
==18872== 
==18872== 1 errors in context 1 of 10:
==18872== Conditional jump or move depends on uninitialised value(s)
==18872==    at 0x4A07F9F: strcpy (mc_replace_strmem.c:442)
==18872==    by 0x4008B4: strcat_ex (answer03.c:18)
==18872==    by 0x400B27: implode (answer03.c:68)
==18872==    by 0x400F36: main (pa03.c:45)
==18872== 
==18872== 
==18872== 1 errors in context 2 of 10:
==18872== Conditional jump or move depends on uninitialised value(s)
==18872==    at 0x4A07F59: strlen (mc_replace_strmem.c:403)
==18872==    by 0x40087B: strcat_ex (answer03.c:17)
==18872==    by 0x400B27: implode (answer03.c:68)
==18872==    by 0x400F36: main (pa03.c:45)
==18872== 
==18872== 
==18872== 1 errors in context 3 of 10:
==18872== Conditional jump or move depends on uninitialised value(s)
==18872==    at 0x4A07F59: strlen (mc_replace_strmem.c:403)
==18872==    by 0x400846: strcat_ex (answer03.c:16)
==18872==    by 0x400B27: implode (answer03.c:68)
==18872==    by 0x400F36: main (pa03.c:45)
==18872== 
==18872== 
==18872== 1 errors in context 4 of 10:
==18872== Conditional jump or move depends on uninitialised value(s)
==18872==    at 0x4A07F59: strlen (mc_replace_strmem.c:403)
==18872==    by 0x4007D8: strcat_ex (answer03.c:9)
==18872==    by 0x400B27: implode (answer03.c:68)
==18872==    by 0x400F36: main (pa03.c:45)
==18872== 
==18872== 
==18872== 3 errors in context 5 of 10:
==18872== Conditional jump or move depends on uninitialised value(s)
==18872==    at 0x4A07C57: strcat (mc_replace_strmem.c:267)
==18872==    by 0x400903: strcat_ex (answer03.c:26)
==18872==    by 0x400B27: implode (answer03.c:68)
==18872==    by 0x400F36: main (pa03.c:45)
==18872== 
==18872== 
==18872== 4 errors in context 6 of 10:
==18872== Conditional jump or move depends on uninitialised value(s)
==18872==    at 0x4A07C57: strcat (mc_replace_strmem.c:267)
==18872==    by 0x4008E4: strcat_ex (answer03.c:22)
==18872==    by 0x400B27: implode (answer03.c:68)
==18872==    by 0x400F36: main (pa03.c:45)
==18872== 
==18872== 
==18872== 4 errors in context 7 of 10:
==18872== Conditional jump or move depends on uninitialised value(s)
==18872==    at 0x4A07F68: strlen (mc_replace_strmem.c:403)
==18872==    by 0x40088A: strcat_ex (answer03.c:17)
==18872==    by 0x400B27: implode (answer03.c:68)
==18872==    by 0x400F36: main (pa03.c:45)
==18872== 
==18872== 
==18872== 4 errors in context 8 of 10:
==18872== Conditional jump or move depends on uninitialised value(s)
==18872==    at 0x4A07F68: strlen (mc_replace_strmem.c:403)
==18872==    by 0x400855: strcat_ex (answer03.c:16)
==18872==    by 0x400B27: implode (answer03.c:68)
==18872==    by 0x400F36: main (pa03.c:45)
==18872== 
==18872== 
==18872== 7 errors in context 9 of 10:
==18872== Conditional jump or move depends on uninitialised value(s)
==18872==    at 0x4A07F68: strlen (mc_replace_strmem.c:403)
==18872==    by 0x4007B4: strcat_ex (answer03.c:8)
==18872==    by 0x400B27: implode (answer03.c:68)
==18872==    by 0x400F36: main (pa03.c:45)
==18872== 
==18872== 
==18872== 7 errors in context 10 of 10:
==18872== Conditional jump or move depends on uninitialised value(s)
==18872==    at 0x3F79E47E3C: vfprintf (vfprintf.c:1641)
==18872==    by 0x3F79E4F199: printf (printf.c:35)
==18872==    by 0x400EFC: main (pa03.c:40)
==18872== 
--18872-- 
--18872-- used_suppression:      4 U1004-ARM-_dl_relocate_object
--18872-- used_suppression:      2 glibc-2.5.x-on-SUSE-10.2-(PPC)-2a
==18872== 
==18872== ERROR SUMMARY: 33 errors from 10 contexts (suppressed: 6 from 6)
