commit b28113bc72face479735551b9bd2ef521a692668
Author: Zhizhe Zhang <zhan1442@purdue.com>
Date:   Mon Oct 6 13:20:54 2014 -0400

    finished

commit 05dea14d9a7ef92d49fb14b7efac78a584aa7ddd
Author: Zhizhe Zhang <zhan1442@purdue.com>
Date:   Mon Oct 6 00:25:23 2014 -0400

    half finish

commit e6a90534a7d3374598890f1068d5fe20c93baeb6
Author: Zhizhe Zhang <zhan1442@purdue.com>
Date:   Thu Oct 2 13:54:40 2014 -0400

    improve ehco to deal with the last white space

commit c47936753d3170403c1ad44f249acea683045d01
Author: Zhizhe Zhang <zhan1442@purdue.com>
Date:   Thu Oct 2 00:37:52 2014 -0400

    finished

commit 91e169579c81b537152381e81a0d7044271b10e7
Author: Zhizhe Zhang <zhan1442@purdue.com>
Date:   Thu Oct 2 00:09:34 2014 -0400

    almost finish

commit b8818af654a053ac2e0524644fde16bcf95622ab
Author: Zhizhe Zhang <zhan1442@purdue.com>
Date:   Wed Oct 1 14:13:53 2014 -0400

    halfway 3

commit e833a209e094bec40ae8032c62dd7eac6b298482
Author: Zhizhe Zhang <zhan1442@purdue.com>
Date:   Sun Sep 28 23:18:01 2014 -0400

    echo and cat almost

commit e7a7fe0a9ca7b466e3e2be8ce432c34d114d8fa8
Author: Zhizhe Zhang <zhan1442@purdue.com>
Date:   Thu Sep 18 12:18:43 2014 -0400

    completed

commit 4ce90f9bad5b99c5181632f8fb78fb0c4eeaf5ea
Author: Zhizhe Zhang <zhan1442@purdue.com>
Date:   Thu Sep 18 12:09:18 2014 -0400

    finished

commit f4a627b4076556efe701335a64d29ad2b1d8abab
Author: Zhizhe Zhang <zhan1442@purdue.com>
Date:   Sun Sep 14 20:55:40 2014 -0400

    almost finish

commit e784b690be9dd4ac842fe8fc9e2fca464dc2d468
Author: Zhizhe Zhang <zhan1442@purdue.com>
Date:   Sun Sep 14 20:16:22 2014 -0400

    finish 5

commit f2884a9e22e4cb2201093ef03e992f1d73cfeddc
Author: Zhizhe Zhang <zhan1442@purdue.com>
Date:   Sun Sep 14 15:37:08 2014 -0400

    finish 1

commit 98f71214c653a90c431d9f5c2511cd6345943423
Author: Zhizhe Zhang <zhan1442@purdue.com>
Date:   Sun Sep 14 00:40:35 2014 -0400

    start homework

commit a8ba285bf3bbf478ae9c3f138c0adf2721cbf343
Author: Zhizhe Zhang <zhan1442@purdue.com>
Date:   Tue Sep 9 17:45:13 2014 -0400

    finished

commit c907372ea2ac05036153a8d4eb70d0bf7d592381
Author: Zhizhe Zhang <zhan1442@ecegrid-thin1.ecn.purdue.edu>
Date:   Thu Sep 4 13:25:35 2014 -0400

    professor fixed start homework

commit cb4172610622477ccc019031c55e47dafb4714b5
Author: Zhizhe Zhang <zhan1442@ecegrid-thin1.ecn.purdue.edu>
Date:   Wed Sep 3 10:51:39 2014 -0400

    start homework

commit c86b71fc3282a4cf525fbf0051e64ce346440baf
Author: Zhizhe Zhang <zhan1442@ecegrid-thin1.ecn.purdue.edu>
Date:   Thu Aug 28 23:16:24 2014 -0400

    completed

commit b91084a82eca96661bd53f8bb272f5a28a3873cf
Merge: d18c6da 272ce69
Author: Zhizhe Zhang <zhan1442@ecegrid-thin1.ecn.purdue.edu>
Date:   Thu Aug 28 23:11:00 2014 -0400

    Merge branch 'master' of https://github.com/zhan1442/ECE264F2014

commit d18c6daf0167fd686cacde68019cecc9ff51a31b
Author: Zhizhe Zhang <zhan1442@ecegrid-thin1.ecn.purdue.edu>
Date:   Thu Aug 28 23:00:01 2014 -0400

    finished

commit 272ce692765dada83d353bc6b9f2e54bf906e7da
Author: zhan1442 <zhan1442@purdue.edu>
Date:   Thu Aug 28 22:04:51 2014 -0400

    Delete a.out

commit 0b875c736665f42c53dc7c658d33a8860a95fbe4
Author: Zhizhe Zhang <zhan1442@ecegrid-thin1.ecn.purdue.edu>
Date:   Thu Aug 28 22:03:18 2014 -0400

    just finished

commit 8d59c2f49c73bc90b3a5052de5f0286e01eca9a7
Author: Zhizhe Zhang <zhan1442@ecegrid-thin1.ecn.purdue.edu>
Date:   Thu Aug 28 17:22:31 2014 -0400

    start homework

commit d61b09660c7e85fc79258467f666389fc8fcf51e
Author: zhan1442 <zhan1442@purdue.edu>
Date:   Tue Aug 26 23:15:53 2014 -0400

    Initial commit
