==13063== Memcheck, a memory error detector
==13063== Copyright (C) 2002-2012, and GNU GPL'd, by Julian Seward et al.
==13063== Using Valgrind-3.8.1 and LibVEX; rerun with -h for copyright info
==13063== Command: a.out
==13063== Parent PID: 24914
==13063== 
--13063-- 
--13063-- Valgrind options:
--13063--    --tool=memcheck
--13063--    --leak-check=full
--13063--    --verbose
--13063--    --log-file=memcheck.log
--13063-- Contents of /proc/version:
--13063--   Linux version 2.6.32-431.29.2.el6.x86_64 (mockbuild@x86-026.build.eng.bos.redhat.com) (gcc version 4.4.7 20120313 (Red Hat 4.4.7-4) (GCC) ) #1 SMP Sun Jul 27 15:55:46 EDT 2014
--13063-- Arch and hwcaps: AMD64, amd64-sse3-cx16
--13063-- Page sizes: currently 4096, max supported 4096
--13063-- Valgrind library directory: /usr/lib64/valgrind
--13063-- Reading syms from /home/shay/a/zhan1442/ece264/solution/ECE264F2014/PA05/a.out
--13063-- Reading syms from /usr/lib64/valgrind/memcheck-amd64-linux
--13063--    object doesn't have a dynamic symbol table
--13063-- Reading syms from /lib64/ld-2.12.so
--13063--   Considering /usr/lib/debug/.build-id/57/bf668f99b7f5917b8d55fbb645173c9a644575.debug ..
--13063--   .. build-id is valid
--13063-- Scheduler: using generic scheduler lock implementation.
--13063-- Reading suppressions file: /usr/lib64/valgrind/default.supp
==13063== embedded gdbserver: reading from /tmp/vgdb-pipe-from-vgdb-to-13063-by-zhan1442-on-ecegrid-thin1.ecn.purdue.edu
==13063== embedded gdbserver: writing to   /tmp/vgdb-pipe-to-vgdb-from-13063-by-zhan1442-on-ecegrid-thin1.ecn.purdue.edu
==13063== embedded gdbserver: shared mem   /tmp/vgdb-pipe-shared-mem-vgdb-13063-by-zhan1442-on-ecegrid-thin1.ecn.purdue.edu
==13063== 
==13063== TO CONTROL THIS PROCESS USING vgdb (which you probably
==13063== don't want to do, unless you know exactly what you're doing,
==13063== or are doing some strange experiment):
==13063==   /usr/lib64/valgrind/../../bin/vgdb --pid=13063 ...command...
==13063== 
==13063== TO DEBUG THIS PROCESS USING GDB: start GDB like this
==13063==   /path/to/gdb a.out
==13063== and then give GDB the following command
==13063==   target remote | /usr/lib64/valgrind/../../bin/vgdb --pid=13063
==13063== --pid is optional if only one valgrind process is running
==13063== 
--13063-- REDIR: 0x3f79a17530 (strlen) redirected to 0x38049551 (vgPlain_amd64_linux_REDIR_FOR_strlen)
--13063-- Reading syms from /usr/lib64/valgrind/vgpreload_core-amd64-linux.so
--13063-- Reading syms from /usr/lib64/valgrind/vgpreload_memcheck-amd64-linux.so
--13063-- REDIR: 0x3f79a173a0 (index) redirected to 0x4a07bf0 (index)
--13063-- REDIR: 0x3f79a17420 (strcmp) redirected to 0x4a08530 (strcmp)
--13063-- Reading syms from /lib64/libc-2.12.so
--13063--   Considering /usr/lib/debug/.build-id/07/b5ce35eba864a01b697f5ca117e94b9248064f.debug ..
--13063--   .. build-id is valid
--13063-- REDIR: 0x3f79e84cd0 (strcasecmp) redirected to 0x480155c (_vgnU_ifunc_wrapper)
--13063-- REDIR: 0x3f79e86f90 (strncasecmp) redirected to 0x480155c (_vgnU_ifunc_wrapper)
--13063-- REDIR: 0x3f79e82c40 (__GI_strrchr) redirected to 0x4a07a70 (__GI_strrchr)
--13063-- REDIR: 0x3f79e81160 (__GI_strlen) redirected to 0x4a07f70 (__GI_strlen)
--13063-- REDIR: 0x3f79e7a640 (malloc) redirected to 0x4a0696c (malloc)
--13063-- REDIR: 0x3f79e8aaf0 (strchrnul) redirected to 0x4a09f10 (strchrnul)
--13063-- REDIR: 0x3f79e7b520 (free) redirected to 0x4a06369 (free)
==13063== 
==13063== HEAP SUMMARY:
==13063==     in use at exit: 0 bytes in 0 blocks
==13063==   total heap usage: 7 allocs, 7 frees, 140 bytes allocated
==13063== 
==13063== All heap blocks were freed -- no leaks are possible
==13063== 
==13063== ERROR SUMMARY: 0 errors from 0 contexts (suppressed: 6 from 6)
--13063-- 
--13063-- used_suppression:      4 U1004-ARM-_dl_relocate_object
--13063-- used_suppression:      2 glibc-2.5.x-on-SUSE-10.2-(PPC)-2a
==13063== 
==13063== ERROR SUMMARY: 0 errors from 0 contexts (suppressed: 6 from 6)
