commit f9a9143798989c1f3a21d9099d2f67a3aa0a5b84
Author: Zhizhe Zhang <zhan1442@purdue.com>
Date:   Sun Nov 30 02:25:51 2014 -0500

    finished

commit 469803ffb727ded8aa559539cf28c9614d62d934
Author: Zhizhe Zhang <zhan1442@purdue.com>
Date:   Sat Nov 29 23:08:13 2014 -0500

    just need the two qsort

commit 1bc36c52a92b97fca758e6eb0753b72c46897b58
Author: Zhizhe Zhang <zhan1442@purdue.com>
Date:   Tue Nov 18 17:10:38 2014 -0500

    need destory and change to set business offset of tree

commit eee352013b99c18fdf46290ef038d6e4ab042287
Author: Zhizhe Zhang <zhan1442@purdue.com>
Date:   Sun Nov 16 23:46:04 2014 -0500

    constructed the structure before review part

commit 4da2d5752968123e25fd38d9117da3c26c580275
Author: Zhizhe Zhang <zhan1442@purdue.com>
Date:   Sun Nov 16 20:45:10 2014 -0500

    doing saving location *:c,a,z,r

commit 3ffff013c030e2d8c3ebf2e15b7b69665a1c6d04
Author: Zhizhe Zhang <zhan1442@purdue.com>
Date:   Sat Nov 15 16:56:28 2014 -0500

    trees the id

commit 5a161261ec35eb000b6964861047228b9ab14ff5
Merge: ea98b28 5048e61
Author: Zhizhe Zhang <zhan1442@purdue.com>
Date:   Sat Nov 8 23:41:30 2014 -0500

    Merge branch 'master' of https://github.com/zhan1442/ECE264F2014

commit ea98b2824f937c7b73c180aee7f2ca8a0c3246de
Author: Zhizhe Zhang <zhan1442@purdue.com>
Date:   Sat Nov 8 23:28:00 2014 -0500

    finished

commit 5048e6193a9a3f04cf5d238583393ccf5fa4945e
Author: zhan1442 <zhan1442@purdue.edu>
Date:   Tue Oct 28 17:02:37 2014 -0400

    Delete pa06.zip

commit a410a5f9552863b43dfd5d1a5aacc0b07e77f3ff
Author: Zhizhe Zhang <zhan1442@purdue.com>
Date:   Mon Oct 27 21:38:16 2014 -0400

    add zip

commit a4df0b7f3994009a42839816df2329e2e7f3ce79
Author: Zhizhe Zhang <zhan1442@purdue.com>
Date:   Mon Oct 27 21:35:21 2014 -0400

    finished

commit 23e43df87d1662b9452d49ef52d2e7a1e969f73c
Author: Zhizhe Zhang <zhan1442@purdue.com>
Date:   Sat Oct 25 20:10:00 2014 -0400

    add zip

commit 28d90ed2199c8b97e9bfd692d558b2fbfca5880f
Author: Zhizhe Zhang <zhan1442@purdue.com>
Date:   Sat Oct 25 20:08:14 2014 -0400

    finished

commit 07a7cda21001074f21f133f165ea4ee4310104db
Author: Zhizhe Zhang <zhan1442@purdue.com>
Date:   Tue Oct 21 14:23:47 2014 -0400

    add git

commit d80ad6708bb7704711f553b439ca12781a331087
Author: Zhizhe Zhang <zhan1442@purdue.com>
Date:   Sat Oct 18 04:30:09 2014 -0400

    not use the malloc to copy array of string

commit 0d637c0a2d9abef949aaa2e6b4499af2c6f14e0a
Author: Zhizhe Zhang <zhan1442@purdue.com>
Date:   Sat Oct 18 03:22:51 2014 -0400

    add zip

commit d618ba4220ba2783d0d133f57c079a06e40b6b6d
Author: Zhizhe Zhang <zhan1442@purdue.com>
Date:   Sat Oct 18 03:20:19 2014 -0400

    add zip

commit 4a307db0f11a9544b8f81605a35f2cd8c0980fbb
Author: Zhizhe Zhang <zhan1442@purdue.com>
Date:   Sat Oct 18 03:17:28 2014 -0400

    think finished

commit d5ab5e8de62faecba93ffec2867aae54fb726070
Author: Zhizhe Zhang <zhan1442@purdue.com>
Date:   Thu Oct 16 18:08:13 2014 -0400

    one way

commit d0c2034dc8d13e79f41cb86f8ac6790fe12422da
Author: Zhizhe Zhang <zhan1442@purdue.com>
Date:   Mon Oct 6 13:23:36 2014 -0400

    completed

commit b28113bc72face479735551b9bd2ef521a692668
Author: Zhizhe Zhang <zhan1442@purdue.com>
Date:   Mon Oct 6 13:20:54 2014 -0400

    finished

commit 05dea14d9a7ef92d49fb14b7efac78a584aa7ddd
Author: Zhizhe Zhang <zhan1442@purdue.com>
Date:   Mon Oct 6 00:25:23 2014 -0400

    half finish

commit e6a90534a7d3374598890f1068d5fe20c93baeb6
Author: Zhizhe Zhang <zhan1442@purdue.com>
Date:   Thu Oct 2 13:54:40 2014 -0400

    improve ehco to deal with the last white space

commit c47936753d3170403c1ad44f249acea683045d01
Author: Zhizhe Zhang <zhan1442@purdue.com>
Date:   Thu Oct 2 00:37:52 2014 -0400

    finished

commit 91e169579c81b537152381e81a0d7044271b10e7
Author: Zhizhe Zhang <zhan1442@purdue.com>
Date:   Thu Oct 2 00:09:34 2014 -0400

    almost finish

commit b8818af654a053ac2e0524644fde16bcf95622ab
Author: Zhizhe Zhang <zhan1442@purdue.com>
Date:   Wed Oct 1 14:13:53 2014 -0400

    halfway 3

commit e833a209e094bec40ae8032c62dd7eac6b298482
Author: Zhizhe Zhang <zhan1442@purdue.com>
Date:   Sun Sep 28 23:18:01 2014 -0400

    echo and cat almost

commit e7a7fe0a9ca7b466e3e2be8ce432c34d114d8fa8
Author: Zhizhe Zhang <zhan1442@purdue.com>
Date:   Thu Sep 18 12:18:43 2014 -0400

    completed

commit 4ce90f9bad5b99c5181632f8fb78fb0c4eeaf5ea
Author: Zhizhe Zhang <zhan1442@purdue.com>
Date:   Thu Sep 18 12:09:18 2014 -0400

    finished

commit f4a627b4076556efe701335a64d29ad2b1d8abab
Author: Zhizhe Zhang <zhan1442@purdue.com>
Date:   Sun Sep 14 20:55:40 2014 -0400

    almost finish

commit e784b690be9dd4ac842fe8fc9e2fca464dc2d468
Author: Zhizhe Zhang <zhan1442@purdue.com>
Date:   Sun Sep 14 20:16:22 2014 -0400

    finish 5

commit f2884a9e22e4cb2201093ef03e992f1d73cfeddc
Author: Zhizhe Zhang <zhan1442@purdue.com>
Date:   Sun Sep 14 15:37:08 2014 -0400

    finish 1

commit 98f71214c653a90c431d9f5c2511cd6345943423
Author: Zhizhe Zhang <zhan1442@purdue.com>
Date:   Sun Sep 14 00:40:35 2014 -0400

    start homework

commit a8ba285bf3bbf478ae9c3f138c0adf2721cbf343
Author: Zhizhe Zhang <zhan1442@purdue.com>
Date:   Tue Sep 9 17:45:13 2014 -0400

    finished

commit c907372ea2ac05036153a8d4eb70d0bf7d592381
Author: Zhizhe Zhang <zhan1442@ecegrid-thin1.ecn.purdue.edu>
Date:   Thu Sep 4 13:25:35 2014 -0400

    professor fixed start homework

commit cb4172610622477ccc019031c55e47dafb4714b5
Author: Zhizhe Zhang <zhan1442@ecegrid-thin1.ecn.purdue.edu>
Date:   Wed Sep 3 10:51:39 2014 -0400

    start homework

commit c86b71fc3282a4cf525fbf0051e64ce346440baf
Author: Zhizhe Zhang <zhan1442@ecegrid-thin1.ecn.purdue.edu>
Date:   Thu Aug 28 23:16:24 2014 -0400

    completed

commit b91084a82eca96661bd53f8bb272f5a28a3873cf
Merge: d18c6da 272ce69
Author: Zhizhe Zhang <zhan1442@ecegrid-thin1.ecn.purdue.edu>
Date:   Thu Aug 28 23:11:00 2014 -0400

    Merge branch 'master' of https://github.com/zhan1442/ECE264F2014

commit d18c6daf0167fd686cacde68019cecc9ff51a31b
Author: Zhizhe Zhang <zhan1442@ecegrid-thin1.ecn.purdue.edu>
Date:   Thu Aug 28 23:00:01 2014 -0400

    finished

commit 272ce692765dada83d353bc6b9f2e54bf906e7da
Author: zhan1442 <zhan1442@purdue.edu>
Date:   Thu Aug 28 22:04:51 2014 -0400

    Delete a.out

commit 0b875c736665f42c53dc7c658d33a8860a95fbe4
Author: Zhizhe Zhang <zhan1442@ecegrid-thin1.ecn.purdue.edu>
Date:   Thu Aug 28 22:03:18 2014 -0400

    just finished

commit 8d59c2f49c73bc90b3a5052de5f0286e01eca9a7
Author: Zhizhe Zhang <zhan1442@ecegrid-thin1.ecn.purdue.edu>
Date:   Thu Aug 28 17:22:31 2014 -0400

    start homework

commit d61b09660c7e85fc79258467f666389fc8fcf51e
Author: zhan1442 <zhan1442@purdue.edu>
Date:   Tue Aug 26 23:15:53 2014 -0400

    Initial commit
