==10906== Memcheck, a memory error detector
==10906== Copyright (C) 2002-2012, and GNU GPL'd, by Julian Seward et al.
==10906== Using Valgrind-3.8.1 and LibVEX; rerun with -h for copyright info
==10906== Command: a.out
==10906== Parent PID: 4772
==10906== 
--10906-- 
--10906-- Valgrind options:
--10906--    --tool=memcheck
--10906--    --leak-check=full
--10906--    --verbose
--10906--    --log-file=memcheck.log
--10906-- Contents of /proc/version:
--10906--   Linux version 2.6.32-504.1.3.el6.x86_64 (mockbuild@x86-022.build.eng.bos.redhat.com) (gcc version 4.4.7 20120313 (Red Hat 4.4.7-9) (GCC) ) #1 SMP Fri Oct 31 11:37:10 EDT 2014
--10906-- Arch and hwcaps: AMD64, amd64-sse3-cx16
--10906-- Page sizes: currently 4096, max supported 4096
--10906-- Valgrind library directory: /usr/lib64/valgrind
--10906-- Reading syms from /home/shay/a/zhan1442/ece264/solution/ECE264F2014/PA10/a.out
--10906-- Reading syms from /usr/lib64/valgrind/memcheck-amd64-linux
--10906--    object doesn't have a dynamic symbol table
--10906-- Reading syms from /lib64/ld-2.12.so
--10906--   Considering /usr/lib/debug/.build-id/3b/fa45bce0e82e1d90d37a0cc8630f97f2003bf5.debug ..
--10906--   .. build-id is valid
--10906-- Scheduler: using generic scheduler lock implementation.
--10906-- Reading suppressions file: /usr/lib64/valgrind/default.supp
==10906== embedded gdbserver: reading from /tmp/vgdb-pipe-from-vgdb-to-10906-by-zhan1442-on-ecegrid-thin1.ecn.purdue.edu
==10906== embedded gdbserver: writing to   /tmp/vgdb-pipe-to-vgdb-from-10906-by-zhan1442-on-ecegrid-thin1.ecn.purdue.edu
==10906== embedded gdbserver: shared mem   /tmp/vgdb-pipe-shared-mem-vgdb-10906-by-zhan1442-on-ecegrid-thin1.ecn.purdue.edu
==10906== 
==10906== TO CONTROL THIS PROCESS USING vgdb (which you probably
==10906== don't want to do, unless you know exactly what you're doing,
==10906== or are doing some strange experiment):
==10906==   /usr/lib64/valgrind/../../bin/vgdb --pid=10906 ...command...
==10906== 
==10906== TO DEBUG THIS PROCESS USING GDB: start GDB like this
==10906==   /path/to/gdb a.out
==10906== and then give GDB the following command
==10906==   target remote | /usr/lib64/valgrind/../../bin/vgdb --pid=10906
==10906== --pid is optional if only one valgrind process is running
==10906== 
--10906-- REDIR: 0x35ff417610 (strlen) redirected to 0x38049551 (vgPlain_amd64_linux_REDIR_FOR_strlen)
--10906-- Reading syms from /usr/lib64/valgrind/vgpreload_core-amd64-linux.so
--10906-- Reading syms from /usr/lib64/valgrind/vgpreload_memcheck-amd64-linux.so
--10906-- REDIR: 0x35ff417480 (index) redirected to 0x4a07c30 (index)
--10906-- REDIR: 0x35ff417500 (strcmp) redirected to 0x4a08570 (strcmp)
--10906-- Reading syms from /lib64/libc-2.12.so
--10906--   Considering /usr/lib/debug/.build-id/73/3ad3a438b5a695f7a63a77413f9b2c8c94e8e6.debug ..
--10906--   .. build-id is valid
--10906-- REDIR: 0x35ff884cd0 (strcasecmp) redirected to 0x480155c (_vgnU_ifunc_wrapper)
--10906-- REDIR: 0x35ff886f90 (strncasecmp) redirected to 0x480155c (_vgnU_ifunc_wrapper)
--10906-- REDIR: 0x35ff882c40 (__GI_strrchr) redirected to 0x4a07ab0 (__GI_strrchr)
--10906-- REDIR: 0x35ff87a640 (malloc) redirected to 0x4a069ac (malloc)
--10906-- REDIR: 0x35ff883350 (memchr) redirected to 0x4a08610 (memchr)
--10906-- REDIR: 0x35ff889670 (memcpy) redirected to 0x4a08b60 (memcpy)
--10906-- REDIR: 0x35ff881120 (strlen) redirected to 0x480155c (_vgnU_ifunc_wrapper)
--10906-- REDIR: 0x35ff9336f0 (__strlen_sse42) redirected to 0x4a07f90 (strlen)
--10906-- REDIR: 0x35ff87f630 (index) redirected to 0x480155c (_vgnU_ifunc_wrapper)
--10906-- REDIR: 0x35ff928370 (__strchr_sse42) redirected to 0x4a07b40 (index)
--10906-- REDIR: 0x35ff881160 (__GI_strlen) redirected to 0x4a07fb0 (__GI_strlen)
--10906-- REDIR: 0x35ff87f6e0 (strcmp) redirected to 0x480155c (_vgnU_ifunc_wrapper)
--10906-- REDIR: 0x35ff928420 (__strcmp_sse42) redirected to 0x4a084d0 (strcmp)
--10906-- REDIR: 0x35ff88aaf0 (strchrnul) redirected to 0x4a09fb0 (strchrnul)
--10906-- REDIR: 0x35ff87b520 (free) redirected to 0x4a063a9 (free)
--10906-- REDIR: 0x35ff92b4c0 (__strcasecmp_sse42) redirected to 0x4a0aae0 (strcasecmp)
--10906-- REDIR: 0x35ff884500 (mempcpy) redirected to 0x4a0a020 (mempcpy)
==10906== 
==10906== HEAP SUMMARY:
==10906==     in use at exit: 0 bytes in 0 blocks
==10906==   total heap usage: 17,785 allocs, 17,785 frees, 1,833,911 bytes allocated
==10906== 
==10906== All heap blocks were freed -- no leaks are possible
==10906== 
==10906== ERROR SUMMARY: 0 errors from 0 contexts (suppressed: 6 from 6)
--10906-- 
--10906-- used_suppression:      4 U1004-ARM-_dl_relocate_object
--10906-- used_suppression:      2 glibc-2.5.x-on-SUSE-10.2-(PPC)-2a
==10906== 
==10906== ERROR SUMMARY: 0 errors from 0 contexts (suppressed: 6 from 6)
